<?xml version="1.0" encoding="UTF-8"?>
<!-- Generated by org.testng.reporters.JUnitReportReporter -->
<testsuite hostname="LAPTOP-BS7L7CT0" failures="0" tests="8" name="api.tests.DDTests" time="10.614" errors="0" timestamp="2025-03-05T17:28:32 IST" skipped="0">
  <testcase classname="api.tests.DDTests" name="createUsers" time="1.175"/>
  <system-out/>
  <testcase classname="api.tests.DDTests" name="createUsers" time="2.526"/>
  <system-out/>
  <testcase classname="api.tests.DDTests" name="createUsers" time="1.124"/>
  <system-out/>
  <testcase classname="api.tests.DDTests" name="createUsers" time="1.105"/>
  <system-out/>
  <testcase classname="api.tests.DDTests" name="deleteUsers" time="1.173"/>
  <system-out/>
  <testcase classname="api.tests.DDTests" name="deleteUsers" time="1.161"/>
  <system-out/>
  <testcase classname="api.tests.DDTests" name="deleteUsers" time="1.169"/>
  <system-out/>
  <testcase classname="api.tests.DDTests" name="deleteUsers" time="1.181"/>
  <system-out/>
</testsuite> <!-- api.tests.DDTests -->
