<?xml version="1.0" encoding="UTF-8"?>
<!-- Generated by org.testng.reporters.JUnitReportReporter -->
<testsuite hostname="LAPTOP-BS7L7CT0" failures="0" tests="4" name="api.tests.UserTests" time="7.155" errors="0" timestamp="2025-03-05T18:07:26 IST" skipped="0">
  <testcase classname="api.tests.UserTests" name="createUser" time="2.510"/>
  <system-out/>
  <testcase classname="api.tests.UserTests" name="getUser" time="1.142"/>
  <system-out/>
  <testcase classname="api.tests.UserTests" name="updateUser" time="2.309"/>
  <system-out/>
  <testcase classname="api.tests.UserTests" name="deleteUser" time="1.194"/>
  <system-out/>
</testsuite> <!-- api.tests.UserTests -->
